<?xml version="1.0" encoding="UTF-8"?>
<testng-results total="1" passed="1" failed="0" skipped="0">
  <reporter-output>
  </reporter-output>
  <suite started-at="2019-12-26T05:12:50Z" name="Suite" finished-at="2019-12-26T05:13:21Z" duration-ms="30557">
    <groups>
    </groups>
    <test started-at="2019-12-26T05:12:50Z" name="Test" finished-at="2019-12-26T05:13:21Z" duration-ms="30557">
      <class name="tests.NewTest">
        <test-method is-config="true" signature="beforeClass()[pri:0, instance:tests.NewTest@4d465b11]" started-at="2019-12-26T10:42:50Z" name="beforeClass" finished-at="2019-12-26T10:43:09Z" duration-ms="18252" status="PASS">
          <reporter-output>
          </reporter-output>
        </test-method> <!-- beforeClass -->
        <test-method is-config="true" signature="openBrowser()[pri:0, instance:tests.NewTest@4d465b11]" started-at="2019-12-26T10:43:09Z" name="openBrowser" finished-at="2019-12-26T10:43:19Z" duration-ms="10221" status="PASS">
          <reporter-output>
          </reporter-output>
        </test-method> <!-- openBrowser -->
        <test-method signature="f()[pri:0, instance:tests.NewTest@4d465b11]" started-at="2019-12-26T10:43:19Z" name="f" finished-at="2019-12-26T10:43:21Z" duration-ms="2039" status="PASS">
          <reporter-output>
          </reporter-output>
        </test-method> <!-- f -->
        <test-method is-config="true" signature="postSignUp()[pri:0, instance:tests.NewTest@4d465b11]" started-at="2019-12-26T10:43:21Z" name="postSignUp" finished-at="2019-12-26T10:43:21Z" duration-ms="4" status="PASS">
          <reporter-output>
          </reporter-output>
        </test-method> <!-- postSignUp -->
        <test-method is-config="true" signature="afterClass()[pri:0, instance:tests.NewTest@4d465b11]" started-at="2019-12-26T10:43:21Z" name="afterClass" finished-at="2019-12-26T10:43:21Z" duration-ms="0" status="PASS">
          <reporter-output>
          </reporter-output>
        </test-method> <!-- afterClass -->
      </class> <!-- tests.NewTest -->
    </test> <!-- Test -->
  </suite> <!-- Suite -->
</testng-results>
